<?xml version="1.0" encoding="UTF-8"?>
<!-- Generated by org.testng.reporters.JUnitXMLReporter -->
<testsuite hostname="RCT-7D020565H" ignored="1" name="Default test" tests="1" failures="0" timestamp="30 Sep 2020 20:04:20 GMT" time="28.246" errors="0">
  <testcase name="nameDisplayTest" time="7.745" classname="com.versapay.qa.test.ArIsChangingPageTest"/>
  <testcase name="imageDisplayTest" time="0.0" classname="com.versapay.qa.test.ArIsChangingPageTest">
    <ignored/>
  </testcase> <!-- imageDisplayTest -->
</testsuite> <!-- Default test -->
