<?xml version="1.0" encoding="UTF-8"?>
<!-- Generated by org.testng.reporters.JUnitXMLReporter -->
<testsuite hostname="RCT-7D020565H" ignored="1" name="Default test" tests="1" failures="0" timestamp="01 Oct 2020 05:24:37 GMT" time="0.216" errors="0">
  <testcase name="signUpTest" time="0.0" classname="com.versapay.qa.test.HomePageTest">
    <skipped/>
  </testcase> <!-- signUpTest -->
  <testcase name="emptySignUpTest" time="0.0" classname="com.versapay.qa.test.HomePageTest">
    <ignored/>
  </testcase> <!-- emptySignUpTest -->
</testsuite> <!-- Default test -->
