<?xml version="1.0" encoding="UTF-8"?>
<testng-results ignored="0" total="1" passed="1" failed="0" skipped="0">
  <reporter-output>
  </reporter-output>
  <suite started-at="2020-09-29T21:12:00Z" name="Default suite" finished-at="2020-09-29T21:12:16Z" duration-ms="15992">
    <groups>
    </groups>
    <test started-at="2020-09-29T21:12:00Z" name="Default test" finished-at="2020-09-29T21:12:16Z" duration-ms="15992">
      <class name="com.versapay.qa.test.FAQPageTest">
        <test-method is-config="true" signature="loggersetUp()[pri:0, instance:com.versapay.qa.test.FAQPageTest@23f7d05d]" started-at="2020-09-29T21:12:00Z" name="loggersetUp" finished-at="2020-09-29T21:12:00Z" duration-ms="103" status="PASS">
          <reporter-output>
          </reporter-output>
        </test-method> <!-- loggersetUp -->
        <test-method is-config="true" signature="starUp()[pri:0, instance:com.versapay.qa.test.FAQPageTest@23f7d05d]" started-at="2020-09-29T21:12:00Z" name="starUp" finished-at="2020-09-29T21:12:16Z" duration-ms="15861" status="PASS">
          <reporter-output>
          </reporter-output>
        </test-method> <!-- starUp -->
        <test-method signature="TestNumberOne()[pri:0, instance:com.versapay.qa.test.FAQPageTest@23f7d05d]" started-at="2020-09-29T21:12:16Z" name="TestNumberOne" finished-at="2020-09-29T21:12:16Z" duration-ms="5" status="PASS">
          <reporter-output>
          </reporter-output>
        </test-method> <!-- TestNumberOne -->
      </class> <!-- com.versapay.qa.test.FAQPageTest -->
    </test> <!-- Default test -->
  </suite> <!-- Default suite -->
</testng-results>
